#
# There is insufficient memory for the Java Runtime Environment to continue.
# Native memory allocation (mmap) failed to map 264241152 bytes. Error detail: G1 virtual space
# Possible reasons:
#   The system is out of physical RAM or swap space
#   This process is running with CompressedOops enabled, and the Java Heap may be blocking the growth of the native heap
# Possible solutions:
#   Reduce memory load on the system
#   Increase physical memory or swap space
#   Check if swap backing store is full
#   Decrease Java heap size (-Xmx/-Xms)
#   Decrease number of Java threads
#   Decrease Java thread stack sizes (-Xss)
#   Set larger code cache with -XX:ReservedCodeCacheSize=
#   JVM is running with Zero Based Compressed Oops mode in which the Java heap is
#     placed in the first 32GB address space. The Java Heap base address is the
#     maximum limit for the native heap growth. Please use -XX:HeapBaseMinAddress
#     to set the Java Heap base and to place the Java Heap above 32GB virtual address.
# This output file may be truncated or incomplete.
#
#  Out of Memory Error (os_windows.cpp:3564), pid=49268, tid=52844
#
# JRE version:  (24.0+36) (build )
# Java VM: Java HotSpot(TM) 64-Bit Server VM (24+36-3646, mixed mode, sharing, tiered, compressed oops, compressed class ptrs, g1 gc, windows-amd64)
# No core dump will be written. Minidumps are not enabled by default on client versions of Windows
#

---------------  S U M M A R Y ------------

Command Line: -Djava.awt.headless=true -Djava.util.logging.config.file=C:\Users\LEGION\.android\utp\logging16631821384391290282properties -Dfile.encoding=UTF-8 com.google.testing.platform.launcher.Launcher C:\Users\LEGION\.gradle\caches\modules-2\files-2.1\com.google.testing.platform\core\0.0.9-alpha03\ff2ca47a40b19adf61f703c497e8e84daca5d9fb\core-0.0.9-alpha03.jar;C:\Users\LEGION\.gradle\caches\modules-2\files-2.1\io.grpc\grpc-services\1.57.2\d631f4b716bba6f6f5014959ed424dee41543e7d\grpc-services-1.57.2.jar;C:\Users\LEGION\.gradle\caches\modules-2\files-2.1\io.opencensus\opencensus-proto\0.2.0\c05b6b32b69d5d9144087ea0ebc6fab183fb9151\opencensus-proto-0.2.0.jar;C:\Users\LEGION\.gradle\caches\modules-2\files-2.1\io.grpc\grpc-protobuf\1.57.2\a8354b878571970c518994b95627dc527270bfc4\grpc-protobuf-1.57.2.jar;C:\Users\LEGION\.gradle\caches\modules-2\files-2.1\com.google.api.grpc\proto-google-common-protos\2.17.0\7edf1e3aa96dc3861f7a8f24556c714e9c5b292\proto-google-common-protos-2.17.0.jar;C:\Users\LEGION\.gradle\caches\modules-2\files-2.1\com.google.dagger\dagger\2.48\c4a5ecf0eb4df3a726179657f1b586290dc08d1b\dagger-2.48.jar;C:\Users\LEGION\.gradle\caches\modules-2\files-2.1\io.grpc\grpc-stub\1.57.2\df47b4eb69fb36940689649400c8e9cbf7c3dc2c\grpc-stub-1.57.2.jar;C:\Users\LEGION\.gradle\caches\modules-2\files-2.1\io.grpc\grpc-netty\1.57.2\7b0b62141991e8f81917b8536a1aed8091be5627\grpc-netty-1.57.2.jar;C:\Users\LEGION\.gradle\caches\modules-2\files-2.1\io.grpc\grpc-core\1.57.2\2e04aac0fe659243f4ed5dbe4c2839e88408dffc\grpc-core-1.57.2.jar;C:\Users\LEGION\.gradle\caches\modules-2\files-2.1\io.opencensus\opencensus-api\0.31.0\6634f10ecd5eb3ac248f3ed5ee727c9a28c841bd\opencensus-api-0.31.0.jar;C:\Users\LEGION\.gradle\caches\modules-2\files-2.1\io.grpc\grpc-context\1.57.2\d2aa34eebfec2ce045873f410a7dd76437465509\grpc-context-1.57.2.jar;C:\Users\LEGION\.gradle\caches\modules-2\files-2.1\io.grpc\grpc-protobuf-lite\1.57.2\14d8e0cab40bf2f661e07b8d0dcc4192d4e9e85a\grpc-protobuf-lite-1.57.2.jar;C:\Users\LEGION\.gradle\caches\modules-2\files-2.1\io.grpc\grpc-api\1.57.2\c71a006b81ddae7bc4b7cb1d2da78c1b173761f4\grpc-api-1.57.2.jar;C:\Users\LEGION\.gradle\caches\modules-2\files-2.1\com.google.protobuf\protobuf-java-util\3.22.3\749cd4fe8ab52f37bc186193802ba19f5b284647\protobuf-java-util-3.22.3.jar;C:\Users\LEGION\.gradle\caches\modules-2\files-2.1\com.google.guava\guava\32.0.1-jre\6e5d51a72d142f2d40a57dfb897188b36a95b489\guava-32.0.1-jre.jar;C:\Users\LEGION\.gradle\caches\modules-2\files-2.1\com.google.errorprone\error_prone_annotations\2.23.0\43a27853b6c7d54893e0b1997c2c778c347179eb\error_prone_annotations-2.23.0.jar;C:\Users\LEGION\.gradle\caches\modules-2\files-2.1\com.google.protobuf\protobuf-kotlin\3.24.4\4641477ebf7aa4c96a0ea1fd68b9fe60990b7687\protobuf-kotlin-3.24.4.jar;C:\Users\LEGION\.gradle\caches\modules-2\files-2.1\com.google.protobuf\protobuf-java\3.24.4\a773e5a3845e6baa5c4ede5532c426ebe6c53330\protobuf-java-3.24.4.jar;C:\Users\LEGION\.gradle\caches\modules-2\files-2.1\javax.inject\javax.inject\1\6975da39a7040257bd51d21a231b76c915872d38\javax.inject-1.jar;C:\Users\LEGION\.gradle\caches\modules-2\files-2.1\org.jetbrains.kotlin\kotlin-reflect\1.8.21\662838019bc1141f8a311180d93b9e13765c7f55\kotlin-reflect-1.8.21.jar;C:\Users\LEGION\.gradle\caches\modules-2\files-2.1\org.jetbrains.kotlinx\kotlinx-coroutines-core-jvm\1.7.3\2b09627576f0989a436a00a4a54b55fa5026fb86\kotlinx-coroutines-core-jvm-1.7.3.jar;C:\Users\LEGION\.gradle\caches\modules-2\files-2.1\org.jetbrains.kotlin\kotlin-stdlib-jdk8\1.8.20\73576ddf378c5b4f1f6b449fe6b119b8183fc078\kotlin-stdlib-jdk8-1.8.20.jar;C:\Users\LEGION\.gradle\caches\modules-2\files-2.1\org.jetbrains.kotlin\kotlin-stdlib-jdk7\1.8.20\3aa51faf20aae8b31e1a4bc54f8370673d7b7df4\kotlin-stdlib-jdk7-1.8.20.jar;C:\Users\LEGION\.gradle\caches\modules-2\files-2.1\org.jetbrains.kotlin\kotlin-stdlib\1.8.21\43d50ab85bc7587adfe3dda3dbe579e5f8d51265\kotlin-stdlib-1.8.21.jar;C:\Users\LEGION\.gradle\caches\modules-2\files-2.1\com.google.guava\failureaccess\1.0.1\1dcf1de382a0bf95a3d8b0849546c88bac1292c9\failureaccess-1.0.1.jar;C:\Users\LEGION\.gradle\caches\modules-2\files-2.1\com.google.guava\listenablefuture\9999.0-empty-to-avoid-conflict-with-guava\b421526c5f297295adef1c886e5246c39d4ac629\listenablefuture-9999.0-empty-to-avoid-conflict-with-guava.jar;C:\Users\LEGION\.gradle\caches\modules-2\files-2.1\com.google.code.findbugs\jsr305\3.0.2\25ea2e8b0c338a877313bd4672d3fe056ea78f0d\jsr305-3.0.2.jar;C:\Users\LEGION\.gradle\caches\modules-2\files-2.1\org.checkerframework\checker-qual\3.33.0\de2b60b62da487644fc11f734e73c8b0b431238f\checker-qual-3.33.0.jar;C:\Users\LEGION\.gradle\caches\modules-2\files-2.1\com.google.j2objc\j2objc-annotations\2.8\c85270e307e7b822f1086b93689124b89768e273\j2objc-annotations-2.8.jar;C:\Users\LEGION\.gradle\caches\modules-2\files-2.1\io.netty\netty-codec-http2\4.1.93.Final\f1625b43bde13ec057da0d2fe381ded2547a70e\netty-codec-http2-4.1.93.Final.jar;C:\Users\LEGION\.gradle\caches\modules-2\files-2.1\io.netty\netty-handler-proxy\4.1.93.Final\c165c1efe1b9c0cc22546a057b530611a088768b\netty-handler-proxy-4.1.93.Final.jar;C:\Users\LEGION\.gradle\caches\modules-2\files-2.1\io.perfmark\perfmark-api\0.26.0\ef65452adaf20bf7d12ef55913aba24037b82738\perfmark-api-0.26.0.jar;C:\Users\LEGION\.gradle\caches\modules-2\files-2.1\io.netty\netty-codec-http\4.1.93.Final\36acf0c94d03eb6ecef78a749a32cbb7dc0c57b4\netty-codec-http-4.1.93.Final.jar;C:\Users\LEGION\.gradle\caches\modules-2\files-2.1\io.netty\netty-handler\4.1.93.Final\10f7ed9d8e1bfcba416074c70e5388be96116bfc\netty-handler-4.1.93.Final.jar;C:\Users\LEGION\.gradle\caches\modules-2\files-2.1\io.netty\netty-transport-native-unix-common\4.1.93.Final\f4fb8b4c8da539091f43abcbb9f0389e48807eea\netty-transport-native-unix-common-4.1.93.Final.jar;C:\Users\LEGION\.gradle\caches\modules-2\files-2.1\org.jetbrains.kotlin\kotlin-stdlib-common\1.8.21\d749cd5ae25da36d06e5028785038e24f9d37976\kotlin-stdlib-common-1.8.21.jar;C:\Users\LEGION\.gradle\caches\modules-2\files-2.1\org.jetbrains\annotations\23.0.0\8cc20c07506ec18e0834947b84a864bfc094484e\annotations-23.0.0.jar;C:\Users\LEGION\.gradle\caches\modules-2\files-2.1\com.google.code.gson\gson\2.10.1\b3add478d4382b78ea20b1671390a858002feb6c\gson-2.10.1.jar;C:\Users\LEGION\.gradle\caches\modules-2\files-2.1\com.google.android\annotations\4.1.1.4\a1678ba907bf92691d879fef34e1a187038f9259\annotations-4.1.1.4.jar;C:\Users\LEGION\.gradle\caches\modules-2\files-2.1\org.codehaus.mojo\animal-sniffer-annotations\1.23\3c0daebd5f0e1ce72cc50c818321ac957aeb5d70\animal-sniffer-annotations-1.23.jar;C:\Users\LEGION\.gradle\caches\modules-2\files-2.1\io.netty\netty-codec-socks\4.1.93.Final\81ca78969afc60073e47c3b7b361cc3839392c73\netty-codec-socks-4.1.93.Final.jar;C:\Users\LEGION\.gradle\caches\modules-2\files-2.1\io.netty\netty-codec\4.1.93.Final\503badb458b6586632be8d1f81aa4e5ab99a80fc\netty-codec-4.1.93.Final.jar;C:\Users\LEGION\.gradle\caches\modules-2\files-2.1\io.netty\netty-transport\4.1.93.Final\1a0894915c8027ce83b4d6a811c4e765955efd15\netty-transport-4.1.93.Final.jar;C:\Users\LEGION\.gradle\caches\modules-2\files-2.1\io.netty\netty-buffer\4.1.93.Final\87fac21f4ef95157866b07b48e3c707a2f13c581\netty-buffer-4.1.93.Final.jar;C:\Users\LEGION\.gradle\caches\modules-2\files-2.1\io.netty\netty-resolver\4.1.93.Final\3860e99075f9e078364ed38f6d6fc8825b7a168a\netty-resolver-4.1.93.Final.jar;C:\Users\LEGION\.gradle\caches\modules-2\files-2.1\io.netty\netty-common\4.1.93.Final\1cfc49b91b0d3ddb30c9f7d8467e5d02ae8babdf\netty-common-4.1.93.Final.jar --proto_config=C:\Users\LEGION\.android\utp\runnerConfig7687066293608915241.pb --proto_server_config=C:\Users\LEGION\.android\utp\serverConfig2655821153806811949.pb

Host: Intel(R) Core(TM) i7-14650HX, 24 cores, 15G,  Windows 11 , 64 bit Build 26100 (10.0.26100.7920)
Time: Mon Mar  2 10:40:39 2026 Nepal Standard Time elapsed time: 2.049467 seconds (0d 0h 0m 2s)

---------------  T H R E A D  ---------------

Current thread (0x000002594c70b7e0):  JavaThread "Unknown thread" [_thread_in_vm, id=52844, stack(0x000000ad36b00000,0x000000ad36c00000) (1024K)]

Stack: [0x000000ad36b00000,0x000000ad36c00000]
Native frames: (J=compiled Java code, j=interpreted, Vv=VM code, C=native code)
V  [jvm.dll+0x7308c9]  (no source info available)
V  [jvm.dll+0x8d9ca3]  (no source info available)
V  [jvm.dll+0x8dc13d]  (no source info available)
V  [jvm.dll+0x8dc7b3]  (no source info available)
V  [jvm.dll+0x2aa046]  (no source info available)
V  [jvm.dll+0x72cdf5]  (no source info available)
V  [jvm.dll+0x72091a]  (no source info available)
V  [jvm.dll+0x390d8a]  (no source info available)
V  [jvm.dll+0x398a96]  (no source info available)
V  [jvm.dll+0x3852de]  (no source info available)
V  [jvm.dll+0x385598]  (no source info available)
V  [jvm.dll+0x35d16c]  (no source info available)
V  [jvm.dll+0x35de2d]  (no source info available)
V  [jvm.dll+0x89d41f]  (no source info available)
V  [jvm.dll+0x3f98fd]  (no source info available)
V  [jvm.dll+0x885a76]  (no source info available)
V  [jvm.dll+0x49604e]  (no source info available)
V  [jvm.dll+0x497e21]  (no source info available)
C  [jli.dll+0x52a1]  (no source info available)
C  [ucrtbase.dll+0x37b0]  (no source info available)
C  [KERNEL32.DLL+0x2e8d7]  (no source info available)
C  [ntdll.dll+0x8c48c]  (no source info available)

Lock stack of current Java thread (top to bottom):


---------------  P R O C E S S  ---------------

Threads class SMR info:
_java_thread_list=0x00007ffa7d75f318, length=0, elements={
}

Java Threads: ( => current thread )
Total: 0

Other Threads:
  0x000002594c77a170 WorkerThread "GC Thread#0"                     [id=14416, stack(0x000000ad36c00000,0x000000ad36d00000) (1024K)]
  0x000002594c790350 ConcurrentGCThread "G1 Main Marker"            [id=29788, stack(0x000000ad36d00000,0x000000ad36e00000) (1024K)]
  0x000002594c790e60 WorkerThread "G1 Conc#0"                       [id=52092, stack(0x000000ad36e00000,0x000000ad36f00000) (1024K)]

[error occurred during error reporting (printing all threads), id 0xc0000005, EXCEPTION_ACCESS_VIOLATION (0xc0000005) at pc=0x00007ffa7ce9158a]
VM state: not at safepoint (not fully initialized)

VM Mutex/Monitor currently owned by a thread:  ([mutex/lock_event])
[0x00007ffa7d7e45c0] Heap_lock - owner thread: 0x000002594c70b7e0

Heap address: 0x0000000704800000, size: 4024 MB, Compressed Oops mode: Zero based, Oop shift amount: 3

CDS archive(s) mapped at: [0x0000000000000000-0x0000000000000000-0x0000000000000000), size 0, SharedBaseAddress: 0x0000000800000000, ArchiveRelocationMode: 1.
UseCompressedClassPointers 1, UseCompactObjectHeaders 0
Narrow klass pointer bits 32, Max shift 3
Narrow klass base: 0xffffffffffffffff, Narrow klass shift: -1
Encoding Range: [0xffffffffffffffff - 0x000000007fffffff), (2147483648 bytes)
Klass Range:    [0x0000000000000000 - 0x0000000000000000), (0 bytes)
Klass ID Range:  [4294967295 - 0) (1)

GC Precious Log:
 CardTable entry size: 512
 Card Set container configuration: InlinePtr #cards 4 size 8 Array Of Cards #cards 16 size 48 Howl #buckets 8 coarsen threshold 3686 Howl Bitmap #cards 512 size 80 coarsen threshold 460 Card regions per heap region 1 cards per card region 4096

Heap:
 garbage-first heap   total reserved 4120576K, committed 0K, used 0K [0x0000000704800000, 0x0000000800000000)
  region size 2048K, 0 young (0K), 0 survivors (0K)

[error occurred during error reporting (printing heap information), id 0xc0000005, EXCEPTION_ACCESS_VIOLATION (0xc0000005) at pc=0x00007ffa7d2ae579]
GC Heap History (0 events):
No events

Dll operation events (1 events):
Event: 0.012 Loaded shared library C:\Program Files\Java\jdk-24\bin\java.dll

Deoptimization events (0 events):
No events

Classes loaded (0 events):
No events

Classes unloaded (0 events):
No events

Classes redefined (0 events):
No events

Internal exceptions (0 events):
No events

VM Operations (0 events):
No events

Memory protections (0 events):
No events

Nmethod flushes (0 events):
No events

Events (0 events):
No events


Dynamic libraries:
0x00007ff63bd30000 - 0x00007ff63bd40000 	C:\Program Files\Java\jdk-24\bin\java.exe
0x00007ffbe04c0000 - 0x00007ffbe0727000 	C:\WINDOWS\SYSTEM32\ntdll.dll
0x00007ffbdfff0000 - 0x00007ffbe00b9000 	C:\WINDOWS\System32\KERNEL32.DLL
0x00007ffbdde60000 - 0x00007ffbde251000 	C:\WINDOWS\System32\KERNELBASE.dll
0x00007ffbdcf40000 - 0x00007ffbdd08b000 	C:\WINDOWS\System32\ucrtbase.dll
0x00007ffba8470000 - 0x00007ffba848b000 	C:\Program Files\Java\jdk-24\bin\VCRUNTIME140.dll
0x00007ffba8450000 - 0x00007ffba8466000 	C:\Program Files\Java\jdk-24\bin\jli.dll
0x00007ffbe0120000 - 0x00007ffbe02e5000 	C:\WINDOWS\System32\USER32.dll
0x00007ffbc5220000 - 0x00007ffbc54b3000 	C:\WINDOWS\WinSxS\amd64_microsoft.windows.common-controls_6595b64144ccf1df_6.0.26100.7922_none_3e089e1ee3342171\COMCTL32.dll
0x00007ffbdcda0000 - 0x00007ffbdcdc7000 	C:\WINDOWS\System32\win32u.dll
0x00007ffbdf580000 - 0x00007ffbdf5ab000 	C:\WINDOWS\System32\GDI32.dll
0x00007ffbdf710000 - 0x00007ffbdf7b9000 	C:\WINDOWS\System32\msvcrt.dll
0x00007ffbddbf0000 - 0x00007ffbddd1a000 	C:\WINDOWS\System32\gdi32full.dll
0x00007ffbddb40000 - 0x00007ffbddbe3000 	C:\WINDOWS\System32\msvcp_win.dll
0x00007ffbe00c0000 - 0x00007ffbe00f1000 	C:\WINDOWS\System32\IMM32.DLL
0x00007ffba8440000 - 0x00007ffba844c000 	C:\Program Files\Java\jdk-24\bin\vcruntime140_1.dll
0x00007ffba82d0000 - 0x00007ffba835e000 	C:\Program Files\Java\jdk-24\bin\msvcp140.dll
0x00007ffa7cb20000 - 0x00007ffa7d8c2000 	C:\Program Files\Java\jdk-24\bin\server\jvm.dll
0x00007ffbdfa50000 - 0x00007ffbdfb0b000 	C:\WINDOWS\System32\ADVAPI32.dll
0x00007ffbdf7c0000 - 0x00007ffbdf867000 	C:\WINDOWS\System32\sechost.dll
0x00007ffbde570000 - 0x00007ffbde688000 	C:\WINDOWS\System32\RPCRT4.dll
0x00007ffbde360000 - 0x00007ffbde3d4000 	C:\WINDOWS\System32\WS2_32.dll
0x00007ffbdb970000 - 0x00007ffbdb9ce000 	C:\WINDOWS\SYSTEM32\POWRPROF.dll
0x00007ffbd5e70000 - 0x00007ffbd5e7b000 	C:\WINDOWS\SYSTEM32\VERSION.dll
0x00007ffbd9b80000 - 0x00007ffbd9bb5000 	C:\WINDOWS\SYSTEM32\WINMM.dll
0x00007ffbdb950000 - 0x00007ffbdb964000 	C:\WINDOWS\SYSTEM32\UMPDC.dll
0x00007ffbdbc30000 - 0x00007ffbdbc4b000 	C:\WINDOWS\SYSTEM32\kernel.appcore.dll
0x00007ffba8430000 - 0x00007ffba843a000 	C:\Program Files\Java\jdk-24\bin\jimage.dll
0x00007ffbda490000 - 0x00007ffbda6d2000 	C:\WINDOWS\SYSTEM32\DBGHELP.DLL
0x00007ffbdf1f0000 - 0x00007ffbdf572000 	C:\WINDOWS\System32\combase.dll
0x00007ffbdf110000 - 0x00007ffbdf1e7000 	C:\WINDOWS\System32\OLEAUT32.dll
0x00007ffbbddb0000 - 0x00007ffbbddeb000 	C:\WINDOWS\SYSTEM32\dbgcore.DLL
0x00007ffbdddb0000 - 0x00007ffbdde55000 	C:\WINDOWS\System32\bcryptPrimitives.dll
0x00007ffba8410000 - 0x00007ffba842e000 	C:\Program Files\Java\jdk-24\bin\java.dll
0x00007ffbdee10000 - 0x00007ffbdefa5000 	C:\WINDOWS\System32\ole32.dll
0x00007ffbde690000 - 0x00007ffbdedef000 	C:\WINDOWS\System32\SHELL32.dll
0x00007ffbdcdd0000 - 0x00007ffbdcf3a000 	C:\WINDOWS\System32\wintypes.dll

dbghelp: loaded successfully - version: 4.0.5 - missing functions: none
symbol engine: initialized successfully - sym options: 0x614 - pdb path: .;C:\Program Files\Java\jdk-24\bin;C:\WINDOWS\SYSTEM32;C:\WINDOWS\WinSxS\amd64_microsoft.windows.common-controls_6595b64144ccf1df_6.0.26100.7922_none_3e089e1ee3342171;C:\Program Files\Java\jdk-24\bin\server

VM Arguments:
jvm_args: -Djava.awt.headless=true -Djava.util.logging.config.file=C:\Users\LEGION\.android\utp\logging16631821384391290282properties -Dfile.encoding=UTF-8 
java_command: com.google.testing.platform.launcher.Launcher C:\Users\LEGION\.gradle\caches\modules-2\files-2.1\com.google.testing.platform\core\0.0.9-alpha03\ff2ca47a40b19adf61f703c497e8e84daca5d9fb\core-0.0.9-alpha03.jar;C:\Users\LEGION\.gradle\caches\modules-2\files-2.1\io.grpc\grpc-services\1.57.2\d631f4b716bba6f6f5014959ed424dee41543e7d\grpc-services-1.57.2.jar;C:\Users\LEGION\.gradle\caches\modules-2\files-2.1\io.opencensus\opencensus-proto\0.2.0\c05b6b32b69d5d9144087ea0ebc6fab183fb9151\opencensus-proto-0.2.0.jar;C:\Users\LEGION\.gradle\caches\modules-2\files-2.1\io.grpc\grpc-protobuf\1.57.2\a8354b878571970c518994b95627dc527270bfc4\grpc-protobuf-1.57.2.jar;C:\Users\LEGION\.gradle\caches\modules-2\files-2.1\com.google.api.grpc\proto-google-common-protos\2.17.0\7edf1e3aa96dc3861f7a8f24556c714e9c5b292\proto-google-common-protos-2.17.0.jar;C:\Users\LEGION\.gradle\caches\modules-2\files-2.1\com.google.dagger\dagger\2.48\c4a5ecf0eb4df3a726179657f1b586290dc08d1b\dagger-2.48.jar;C:\Users\LEGION\.gradle\caches\modules-2\files-2.1\io.grpc\grpc-stub\1.57.2\df47b4eb69fb36940689649400c8e9cbf7c3dc2c\grpc-stub-1.57.2.jar;C:\Users\LEGION\.gradle\caches\modules-2\files-2.1\io.grpc\grpc-netty\1.57.2\7b0b62141991e8f81917b8536a1aed8091be5627\grpc-netty-1.57.2.jar;C:\Users\LEGION\.gradle\caches\modules-2\files-2.1\io.grpc\grpc-core\1.57.2\2e04aac0fe659243f4ed5dbe4c2839e88408dffc\grpc-core-1.57.2.jar;C:\Users\LEGION\.gradle\caches\modules-2\files-2.1\io.opencensus\opencensus-api\0.31.0\6634f10ecd5eb3ac248f3ed5ee727c9a28c841bd\opencensus-api-0.31.0.jar;C:\Users\LEGION\.gradle\caches\modules-2\files-2.1\io.grpc\grpc-context\1.57.2\d2aa34eebfec2ce045873f410a7dd76437465509\grpc-context-1.57.2.jar;C:\Users\LEGION\.gradle\caches\modules-2\files-2.1\io.grpc\grpc-protobuf-lite\1.57.2\14d8e0cab40bf2f661e07b8d0dcc4192d4e9e85a\grpc-protobuf-lite-1.57.2.jar;C:\Users\LEGION\.gradle\caches\modules-2\files-2.1\io.grpc\grpc-api\1.57.2\c71a006b81ddae7bc4b7cb1d2da78c1b173761f4\grpc-api-1.57.2.jar;C
java_class_path (initial): C:\Users\LEGION\.gradle\caches\modules-2\files-2.1\com.google.testing.platform\launcher\0.0.9-alpha03\52583f1099230907897f5238f1dcb39097ba645b\launcher-0.0.9-alpha03.jar;C:\Users\LEGION\.gradle\caches\modules-2\files-2.1\com.google.protobuf\protobuf-java-util\3.24.4\f90394c695d47b16f608be5366373eec768597f1\protobuf-java-util-3.24.4.jar;C:\Users\LEGION\.gradle\caches\modules-2\files-2.1\com.google.guava\guava\32.0.1-jre\6e5d51a72d142f2d40a57dfb897188b36a95b489\guava-32.0.1-jre.jar;C:\Users\LEGION\.gradle\caches\modules-2\files-2.1\com.google.errorprone\error_prone_annotations\2.23.0\43a27853b6c7d54893e0b1997c2c778c347179eb\error_prone_annotations-2.23.0.jar;C:\Users\LEGION\.gradle\caches\modules-2\files-2.1\com.google.protobuf\protobuf-kotlin\3.24.4\4641477ebf7aa4c96a0ea1fd68b9fe60990b7687\protobuf-kotlin-3.24.4.jar;C:\Users\LEGION\.gradle\caches\modules-2\files-2.1\io.opencensus\opencensus-proto\0.2.0\c05b6b32b69d5d9144087ea0ebc6fab183fb9151\opencensus-proto-0.2.0.jar;C:\Users\LEGION\.gradle\caches\modules-2\files-2.1\com.google.protobuf\protobuf-java\3.24.4\a773e5a3845e6baa5c4ede5532c426ebe6c53330\protobuf-java-3.24.4.jar;C:\Users\LEGION\.gradle\caches\modules-2\files-2.1\org.jetbrains.kotlin\kotlin-reflect\1.8.21\662838019bc1141f8a311180d93b9e13765c7f55\kotlin-reflect-1.8.21.jar;C:\Users\LEGION\.gradle\caches\modules-2\files-2.1\org.jetbrains.kotlinx\atomicfu-jvm\0.22.0\c6a128a44ba52a18265e5ec816130cd341d80792\atomicfu-jvm-0.22.0.jar;C:\Users\LEGION\.gradle\caches\modules-2\files-2.1\org.jetbrains.kotlinx\kotlinx-coroutines-core-jvm\1.7.3\2b09627576f0989a436a00a4a54b55fa5026fb86\kotlinx-coroutines-core-jvm-1.7.3.jar;C:\Users\LEGION\.gradle\caches\modules-2\files-2.1\org.jetbrains.kotlin\kotlin-stdlib-jdk8\1.8.20\73576ddf378c5b4f1f6b449fe6b119b8183fc078\kotlin-stdlib-jdk8-1.8.20.jar;C:\Users\LEGION\.gradle\caches\modules-2\files-2.1\org.jetbrains.kotlin\kotlin-stdlib-jdk7\1.8.20\3aa51faf20aae8b31e1a4bc54f8370673d7b7df4\kotlin-stdlib-jdk7-1.8.20.jar;C:\Users\LEGION\.gradle\caches\modules-2\files-2.1\org.jetbrains.kotlin\kotlin-stdlib\1.9.0\8ee15ef0c67dc83d874f412d84378d7f0eb50b63\kotlin-stdlib-1.9.0.jar;C:\Users\LEGION\.gradle\caches\modules-2\files-2.1\com.google.guava\failureaccess\1.0.1\1dcf1de382a0bf95a3d8b0849546c88bac1292c9\failureaccess-1.0.1.jar;C:\Users\LEGION\.gradle\caches\modules-2\files-2.1\com.google.guava\listenablefuture\9999.0-empty-to-avoid-conflict-with-guava\b421526c5f297295adef1c886e5246c39d4ac629\listenablefuture-9999.0-empty-to-avoid-conflict-with-guava.jar;C:\Users\LEGION\.gradle\caches\modules-2\files-2.1\com.google.code.findbugs\jsr305\3.0.2\25ea2e8b0c338a877313bd4672d3fe056ea78f0d\jsr305-3.0.2.jar;C:\Users\LEGION\.gradle\caches\modules-2\files-2.1\org.checkerframework\checker-qual\3.33.0\de2b60b62da487644fc11f734e73c8b0b431238f\checker-qual-3.33.0.jar;C:\Users\LEGION\.gradle\caches\modules-2\files-2.1\com.google.j2objc\j2objc-annotations\2.8\c85270e307e7b822f1086b93689124b89768e273\j2objc-annotations-2.8.jar;C:\Users\LEGION\.gradle\caches\modules-2\files-2.1\com.google.code.gson\gson\2.8.9\8a432c1d6825781e21a02db2e2c33c5fde2833b9\gson-2.8.9.jar;C:\Users\LEGION\.gradle\caches\modules-2\files-2.1\org.jetbrains.kotlin\kotlin-stdlib-common\1.9.0\cd65c21cfd1eec4d44ef09f9f52b6d9f8a720636\kotlin-stdlib-common-1.9.0.jar;C:\Users\LEGION\.gradle\caches\modules-2\files-2.1\org.jetbrains\annotations\23.0.0\8cc20c07506ec18e0834947b84a864bfc094484e\annotations-23.0.0.jar
Launcher Type: SUN_STANDARD

[Global flags]
     intx CICompilerCount                          = 12                                        {product} {ergonomic}
     uint ConcGCThreads                            = 5                                         {product} {ergonomic}
     uint G1ConcRefinementThreads                  = 18                                        {product} {ergonomic}
   size_t G1HeapRegionSize                         = 2097152                                   {product} {ergonomic}
   size_t InitialHeapSize                          = 264241152                                 {product} {ergonomic}
   size_t MarkStackSize                            = 4194304                                   {product} {ergonomic}
   size_t MarkStackSizeMax                         = 536870912                                 {product} {ergonomic}
   size_t MaxHeapSize                              = 4219469824                                {product} {ergonomic}
   size_t MinHeapDeltaBytes                        = 2097152                                   {product} {ergonomic}
   size_t MinHeapSize                              = 8388608                                   {product} {ergonomic}
    uintx NonNMethodCodeHeapSize                   = 7602176                                {pd product} {ergonomic}
    uintx NonProfiledCodeHeapSize                  = 122093568                              {pd product} {ergonomic}
    uintx ProfiledCodeHeapSize                     = 121962496                              {pd product} {ergonomic}
    uintx ReservedCodeCacheSize                    = 251658240                              {pd product} {ergonomic}
     bool SegmentedCodeCache                       = true                                      {product} {ergonomic}
   size_t SoftMaxHeapSize                          = 4219469824                             {manageable} {ergonomic}
     bool UseCompressedOops                        = true                           {product lp64_product} {ergonomic}
     bool UseG1GC                                  = true                                      {product} {ergonomic}
     bool UseLargePagesIndividualAllocation        = false                                  {pd product} {ergonomic}

Logging:
Log output configuration:
 #0: stdout all=warning uptime,level,tags foldmultilines=false
 #1: stderr all=off uptime,level,tags foldmultilines=false

Environment Variables:
PATH=C:\Program Files\Common Files\Oracle\Java\javapath;C:\Python313\Scripts\;C:\Python313\;C:\WINDOWS\system32;C:\WINDOWS;C:\WINDOWS\System32\Wbem;C:\WINDOWS\System32\WindowsPowerShell\v1.0\;C:\WINDOWS\System32\OpenSSH\;C:\Program Files (x86)\NVIDIA Corporation\PhysX\Common;C:\Program Files\Git\cmd;C:\ProgramData\chocolatey\bin;C:\Users\LEGION\AppData\Roaming\npm;C:\Program Files\GitHub CLI\;C:\Program Files\NVIDIA Corporation\NVIDIA app\NvDLISR;C:\Program Files\nodejs\;C:\Users\LEGION\AppData\Local\Android\Sdk;C:\src\flutter\bin;C:\flutter\bin;C:\flutter\bin;C:\Users\LEGION\Downloads\flutter_windows_3.38.5-stable (1)\flutter\bin;C:\Users\LEGION\Downloads\flutter_windows_3.38.5-stable (1)\flutter\bin;C:\Users\LEGION\AppData\Local\Android\Sdk\cmdline-tools\latest\bin;C:\Users\LEGION\AppData\Local\Android\Sdk\platform-tools;C:\Users\LEGION\AppData\Local\Programs\Microsoft VS Code\bin;C:\Users\LEGION\AppData\Local\Programs\Antigravity\bin
USERNAME=LEGION
OS=Windows_NT
PROCESSOR_IDENTIFIER=Intel64 Family 6 Model 183 Stepping 1, GenuineIntel
TMP=C:\Users\LEGION\AppData\Local\Temp
TEMP=C:\Users\LEGION\AppData\Local\Temp




Periodic native trim disabled

---------------  S Y S T E M  ---------------

OS:
 Windows 11 , 64 bit Build 26100 (10.0.26100.7920)
OS uptime: 2 days 13:50 hours
Hyper-V role detected

CPU: total 24 (initial active 24) (12 cores per cpu, 2 threads per core) family 6 model 183 stepping 1 microcode 0x133, cx8, cmov, fxsr, ht, mmx, 3dnowpref, sse, sse2, sse3, ssse3, sse4.1, sse4.2, popcnt, lzcnt, tsc, tscinvbit, avx, avx2, aes, erms, clmul, bmi1, bmi2, adx, sha, fma, vzeroupper, clflush, clflushopt, clwb, hv, serialize, rdtscp, rdpid, fsrm, gfni, f16c, cet_ibt, cet_ss
Processor Information for processor 0
  Max Mhz: 2200, Current Mhz: 2200, Mhz Limit: 2200
Processor Information for processor 1
  Max Mhz: 2200, Current Mhz: 2200, Mhz Limit: 2200
Processor Information for processor 2
  Max Mhz: 2200, Current Mhz: 2200, Mhz Limit: 2200
Processor Information for processor 3
  Max Mhz: 2200, Current Mhz: 2200, Mhz Limit: 2200
Processor Information for processor 4
  Max Mhz: 2200, Current Mhz: 2200, Mhz Limit: 2200
Processor Information for processor 5
  Max Mhz: 2200, Current Mhz: 2200, Mhz Limit: 2200
Processor Information for processor 6
  Max Mhz: 2200, Current Mhz: 2200, Mhz Limit: 2200
Processor Information for processor 7
  Max Mhz: 2200, Current Mhz: 2200, Mhz Limit: 2200
Processor Information for processor 8
  Max Mhz: 2200, Current Mhz: 2200, Mhz Limit: 2200
Processor Information for processor 9
  Max Mhz: 2200, Current Mhz: 2200, Mhz Limit: 2200
Processor Information for processor 10
  Max Mhz: 2200, Current Mhz: 2200, Mhz Limit: 2200
Processor Information for processor 11
  Max Mhz: 2200, Current Mhz: 2200, Mhz Limit: 2200
Processor Information for processor 12
  Max Mhz: 2200, Current Mhz: 2200, Mhz Limit: 2200
Processor Information for processor 13
  Max Mhz: 2200, Current Mhz: 2200, Mhz Limit: 2200
Processor Information for processor 14
  Max Mhz: 2200, Current Mhz: 2200, Mhz Limit: 2200
Processor Information for processor 15
  Max Mhz: 2200, Current Mhz: 2200, Mhz Limit: 2200
Processor Information for processor 16
  Max Mhz: 2200, Current Mhz: 1512, Mhz Limit: 2200
Processor Information for processor 17
  Max Mhz: 2200, Current Mhz: 2200, Mhz Limit: 2200
Processor Information for processor 18
  Max Mhz: 2200, Current Mhz: 2200, Mhz Limit: 2200
Processor Information for processor 19
  Max Mhz: 2200, Current Mhz: 2200, Mhz Limit: 2200
Processor Information for processor 20
  Max Mhz: 2200, Current Mhz: 2200, Mhz Limit: 2200
Processor Information for processor 21
  Max Mhz: 2200, Current Mhz: 2200, Mhz Limit: 2200
Processor Information for processor 22
  Max Mhz: 2200, Current Mhz: 1512, Mhz Limit: 2200
Processor Information for processor 23
  Max Mhz: 2200, Current Mhz: 2200, Mhz Limit: 2200

Memory: 4k page, system-wide physical 16091M (1022M free)
TotalPageFile size 65243M (AvailPageFile size 3M)
current process WorkingSet (physical memory assigned to process): 13M, peak: 13M
current process commit charge ("private bytes"): 82M, peak: 333M

vm_info: Java HotSpot(TM) 64-Bit Server VM (24+36-3646) for windows-amd64 JRE (24+36-3646), built on 2025-02-06T00:20:43Z with MS VC++ 17.6 (VS2022)

END.
